<?xml version="1.0" encoding="UTF-8"?>
<testng-results ignored="0" total="1" passed="1" failed="0" skipped="0">
  <reporter-output>
  </reporter-output>
  <suite started-at="2025-08-30T21:12:19 IST" name="Default suite" finished-at="2025-08-30T21:12:19 IST" duration-ms="67">
    <groups>
    </groups>
    <test started-at="2025-08-30T21:12:19 IST" name="Default test" finished-at="2025-08-30T21:12:19 IST" duration-ms="67">
      <class name="StreamsDemo.test6">
        <test-method signature="Stream1()[pri:0, instance:StreamsDemo.test6@1ea9f6af]" started-at="2025-08-30T21:12:19 IST" name="Stream1" finished-at="2025-08-30T21:12:19 IST" duration-ms="24" status="PASS">
          <reporter-output>
          </reporter-output>
        </test-method> <!-- Stream1 -->
      </class> <!-- StreamsDemo.test6 -->
    </test> <!-- Default test -->
  </suite> <!-- Default suite -->
</testng-results>
