<?xml version="1.0" encoding="UTF-8"?>
<!-- Generated by org.testng.reporters.JUnitReportReporter -->
<testsuite hostname="LAPTOP-3F03AO7J" failures="0" tests="4" name="StreamsDemo.test3" time="0.035" errors="0" timestamp="2025-08-30T17:43:40 IST" skipped="0">
  <testcase classname="StreamsDemo.test3" name="streamMap1" time="0.021"/>
  <system-out/>
  <testcase classname="StreamsDemo.test3" name="streamMap2" time="0.006"/>
  <system-out/>
  <testcase classname="StreamsDemo.test3" name="streamMap3" time="0.003"/>
  <system-out/>
  <testcase classname="StreamsDemo.test3" name="streamMap4" time="0.005"/>
  <system-out/>
</testsuite> <!-- StreamsDemo.test3 -->
